{"C:\\Users\\sirot\\Desktop\\JS\\jest\\01_intro\\intro.js": {"path":"C:\\Users\\sirot\\Desktop\\JS\\jest\\01_intro\\intro.js","statementMap":{"0":{"start":{"line":2,"column":4},"end":{"line":10,"column":5}},"1":{"start":{"line":4,"column":12},"end":{"line":8,"column":13}},"2":{"start":{"line":5,"column":16},"end":{"line":5,"column":39}},"3":{"start":{"line":7,"column":16},"end":{"line":7,"column":36}},"4":{"start":{"line":13,"column":12},"end":{"line":13,"column":27}},"5":{"start":{"line":13,"column":22},"end":{"line":13,"column":27}},"6":{"start":{"line":14,"column":19},"end":{"line":14,"column":29}},"7":{"start":{"line":14,"column":25},"end":{"line":14,"column":29}},"8":{"start":{"line":16,"column":0},"end":{"line":16,"column":29}},"9":{"start":{"line":18,"column":0},"end":{"line":21,"column":1}}},"fnMap":{"0":{"name":"excpect","decl":{"start":{"line":1,"column":9},"end":{"line":1,"column":16}},"loc":{"start":{"line":1,"column":24},"end":{"line":11,"column":1}},"line":1},"1":{"name":"(anonymous_1)","decl":{"start":{"line":3,"column":14},"end":{"line":3,"column":15}},"loc":{"start":{"line":3,"column":23},"end":{"line":9,"column":9}},"line":3},"2":{"name":"(anonymous_2)","decl":{"start":{"line":13,"column":12},"end":{"line":13,"column":13}},"loc":{"start":{"line":13,"column":22},"end":{"line":13,"column":27}},"line":13},"3":{"name":"(anonymous_3)","decl":{"start":{"line":14,"column":19},"end":{"line":14,"column":20}},"loc":{"start":{"line":14,"column":25},"end":{"line":14,"column":29}},"line":14}},"branchMap":{"0":{"loc":{"start":{"line":4,"column":12},"end":{"line":8,"column":13}},"type":"if","locations":[{"start":{"line":4,"column":12},"end":{"line":8,"column":13}},{"start":{"line":4,"column":12},"end":{"line":8,"column":13}}],"line":4}},"s":{"0":1,"1":1,"2":1,"3":0,"4":1,"5":5,"6":1,"7":0,"8":1,"9":1},"f":{"0":1,"1":1,"2":5,"3":0},"b":{"0":[1,0]},"_coverageSchema":"1a1c01bbd47fc00a2c39e90264f33305004495a9","hash":"a4e8db11e9ad7bc162989417b078e73611d5370c"}
}
